1702159373.326563 client started (13015): version 3.3a, socket /tmp/tmux-1000/default, protocol 8
1702159373.326576 on Linux 5.15.133.1-microsoft-standard-WSL2 #1 SMP Thu Oct 5 21:02:42 UTC 2023
1702159373.326579 using libevent 2.1.12-stable (poll); ncurses 6.4
1702159373.326589 flags are 0x10010000
1702159373.326591 socket is /tmp/tmux-1000/default
1702159373.326595 trying connect
1702159373.326629 add peer 0x5646dadd9680: 6 ((nil))
1702159373.326749 sending message 100 to peer 0x5646dadd9680 (4 bytes)
1702159373.326753 sending message 111 to peer 0x5646dadd9680 (8 bytes)
1702159373.326755 sending message 101 to peer 0x5646dadd9680 (15 bytes)
1702159373.326757 sending message 109 to peer 0x5646dadd9680 (4 bytes)
1702159373.326758 sending message 102 to peer 0x5646dadd9680 (11 bytes)
1702159373.326760 sending message 108 to peer 0x5646dadd9680 (28 bytes)
1702159373.326761 sending message 112 to peer 0x5646dadd9680 (58 bytes)
1702159373.326763 sending message 112 to peer 0x5646dadd9680 (5 bytes)
1702159373.326764 sending message 112 to peer 0x5646dadd9680 (5 bytes)
1702159373.326766 sending message 112 to peer 0x5646dadd9680 (6 bytes)
1702159373.326767 sending message 112 to peer 0x5646dadd9680 (6 bytes)
1702159373.326769 sending message 112 to peer 0x5646dadd9680 (11 bytes)
1702159373.326770 sending message 112 to peer 0x5646dadd9680 (10 bytes)
1702159373.326772 sending message 112 to peer 0x5646dadd9680 (13 bytes)
1702159373.326773 sending message 112 to peer 0x5646dadd9680 (14 bytes)
1702159373.326774 sending message 112 to peer 0x5646dadd9680 (19 bytes)
1702159373.326776 sending message 112 to peer 0x5646dadd9680 (11 bytes)
1702159373.326777 sending message 112 to peer 0x5646dadd9680 (10 bytes)
1702159373.326779 sending message 112 to peer 0x5646dadd9680 (15 bytes)
1702159373.326780 sending message 112 to peer 0x5646dadd9680 (21 bytes)
1702159373.326782 sending message 112 to peer 0x5646dadd9680 (13 bytes)
1702159373.326783 sending message 112 to peer 0x5646dadd9680 (7 bytes)
1702159373.326785 sending message 112 to peer 0x5646dadd9680 (13 bytes)
1702159373.326786 sending message 112 to peer 0x5646dadd9680 (7 bytes)
1702159373.326788 sending message 112 to peer 0x5646dadd9680 (13 bytes)
1702159373.326789 sending message 112 to peer 0x5646dadd9680 (9 bytes)
1702159373.326791 sending message 112 to peer 0x5646dadd9680 (21 bytes)
1702159373.326792 sending message 112 to peer 0x5646dadd9680 (13 bytes)
1702159373.326794 sending message 112 to peer 0x5646dadd9680 (9 bytes)
1702159373.326795 sending message 112 to peer 0x5646dadd9680 (16 bytes)
1702159373.326797 sending message 112 to peer 0x5646dadd9680 (13 bytes)
1702159373.326798 sending message 112 to peer 0x5646dadd9680 (9 bytes)
1702159373.326800 sending message 112 to peer 0x5646dadd9680 (9 bytes)
1702159373.326801 sending message 112 to peer 0x5646dadd9680 (12 bytes)
1702159373.326803 sending message 112 to peer 0x5646dadd9680 (8 bytes)
1702159373.326804 sending message 112 to peer 0x5646dadd9680 (8 bytes)
1702159373.326805 sending message 112 to peer 0x5646dadd9680 (13 bytes)
1702159373.326807 sending message 112 to peer 0x5646dadd9680 (7 bytes)
1702159373.326808 sending message 112 to peer 0x5646dadd9680 (7 bytes)
1702159373.326810 sending message 112 to peer 0x5646dadd9680 (9 bytes)
1702159373.326811 sending message 112 to peer 0x5646dadd9680 (9 bytes)
1702159373.326813 sending message 112 to peer 0x5646dadd9680 (15 bytes)
1702159373.326814 sending message 112 to peer 0x5646dadd9680 (13 bytes)
1702159373.326816 sending message 112 to peer 0x5646dadd9680 (12 bytes)
1702159373.326817 sending message 112 to peer 0x5646dadd9680 (8 bytes)
1702159373.326818 sending message 112 to peer 0x5646dadd9680 (14 bytes)
1702159373.326820 sending message 112 to peer 0x5646dadd9680 (11 bytes)
1702159373.326821 sending message 112 to peer 0x5646dadd9680 (9 bytes)
1702159373.326823 sending message 112 to peer 0x5646dadd9680 (10 bytes)
1702159373.326824 sending message 112 to peer 0x5646dadd9680 (10 bytes)
1702159373.326826 sending message 112 to peer 0x5646dadd9680 (10 bytes)
1702159373.326827 sending message 112 to peer 0x5646dadd9680 (10 bytes)
1702159373.326831 sending message 112 to peer 0x5646dadd9680 (11 bytes)
1702159373.326833 sending message 112 to peer 0x5646dadd9680 (12 bytes)
1702159373.326834 sending message 112 to peer 0x5646dadd9680 (12 bytes)
1702159373.326836 sending message 112 to peer 0x5646dadd9680 (12 bytes)
1702159373.326837 sending message 112 to peer 0x5646dadd9680 (12 bytes)
1702159373.326839 sending message 112 to peer 0x5646dadd9680 (12 bytes)
1702159373.326840 sending message 112 to peer 0x5646dadd9680 (11 bytes)
1702159373.326841 sending message 112 to peer 0x5646dadd9680 (11 bytes)
1702159373.326843 sending message 112 to peer 0x5646dadd9680 (12 bytes)
1702159373.326844 sending message 112 to peer 0x5646dadd9680 (12 bytes)
1702159373.326846 sending message 112 to peer 0x5646dadd9680 (12 bytes)
1702159373.326847 sending message 112 to peer 0x5646dadd9680 (12 bytes)
1702159373.326849 sending message 112 to peer 0x5646dadd9680 (12 bytes)
1702159373.326850 sending message 112 to peer 0x5646dadd9680 (9 bytes)
1702159373.326852 sending message 112 to peer 0x5646dadd9680 (12 bytes)
1702159373.326853 sending message 112 to peer 0x5646dadd9680 (13 bytes)
1702159373.326855 sending message 112 to peer 0x5646dadd9680 (13 bytes)
1702159373.326856 sending message 112 to peer 0x5646dadd9680 (13 bytes)
1702159373.326857 sending message 112 to peer 0x5646dadd9680 (13 bytes)
1702159373.326859 sending message 112 to peer 0x5646dadd9680 (13 bytes)
1702159373.326860 sending message 112 to peer 0x5646dadd9680 (8 bytes)
1702159373.326862 sending message 112 to peer 0x5646dadd9680 (11 bytes)
1702159373.326863 sending message 112 to peer 0x5646dadd9680 (11 bytes)
1702159373.326865 sending message 112 to peer 0x5646dadd9680 (11 bytes)
1702159373.326866 sending message 112 to peer 0x5646dadd9680 (12 bytes)
1702159373.326867 sending message 112 to peer 0x5646dadd9680 (12 bytes)
1702159373.326869 sending message 112 to peer 0x5646dadd9680 (12 bytes)
1702159373.326870 sending message 112 to peer 0x5646dadd9680 (12 bytes)
1702159373.326872 sending message 112 to peer 0x5646dadd9680 (13 bytes)
1702159373.326873 sending message 112 to peer 0x5646dadd9680 (13 bytes)
1702159373.326875 sending message 112 to peer 0x5646dadd9680 (13 bytes)
1702159373.326876 sending message 112 to peer 0x5646dadd9680 (8 bytes)
1702159373.326878 sending message 112 to peer 0x5646dadd9680 (13 bytes)
1702159373.326879 sending message 112 to peer 0x5646dadd9680 (13 bytes)
1702159373.326881 sending message 112 to peer 0x5646dadd9680 (13 bytes)
1702159373.326882 sending message 112 to peer 0x5646dadd9680 (13 bytes)
1702159373.326883 sending message 112 to peer 0x5646dadd9680 (13 bytes)
1702159373.326885 sending message 112 to peer 0x5646dadd9680 (12 bytes)
1702159373.326887 sending message 112 to peer 0x5646dadd9680 (12 bytes)
1702159373.326888 sending message 112 to peer 0x5646dadd9680 (12 bytes)
1702159373.326889 sending message 112 to peer 0x5646dadd9680 (12 bytes)
1702159373.326891 sending message 112 to peer 0x5646dadd9680 (13 bytes)
1702159373.326892 sending message 112 to peer 0x5646dadd9680 (8 bytes)
1702159373.326894 sending message 112 to peer 0x5646dadd9680 (13 bytes)
1702159373.326895 sending message 112 to peer 0x5646dadd9680 (13 bytes)
1702159373.326897 sending message 112 to peer 0x5646dadd9680 (13 bytes)
1702159373.326898 sending message 112 to peer 0x5646dadd9680 (13 bytes)
1702159373.326900 sending message 112 to peer 0x5646dadd9680 (13 bytes)
1702159373.326901 sending message 112 to peer 0x5646dadd9680 (13 bytes)
1702159373.326902 sending message 112 to peer 0x5646dadd9680 (13 bytes)
1702159373.326908 sending message 112 to peer 0x5646dadd9680 (12 bytes)
1702159373.326910 sending message 112 to peer 0x5646dadd9680 (12 bytes)
1702159373.326912 sending message 112 to peer 0x5646dadd9680 (12 bytes)
1702159373.326913 sending message 112 to peer 0x5646dadd9680 (8 bytes)
1702159373.326915 sending message 112 to peer 0x5646dadd9680 (12 bytes)
1702159373.326916 sending message 112 to peer 0x5646dadd9680 (13 bytes)
1702159373.326918 sending message 112 to peer 0x5646dadd9680 (13 bytes)
1702159373.326922 sending message 112 to peer 0x5646dadd9680 (13 bytes)
1702159373.326923 sending message 112 to peer 0x5646dadd9680 (13 bytes)
1702159373.326925 sending message 112 to peer 0x5646dadd9680 (13 bytes)
1702159373.326926 sending message 112 to peer 0x5646dadd9680 (13 bytes)
1702159373.326927 sending message 112 to peer 0x5646dadd9680 (13 bytes)
1702159373.326929 sending message 112 to peer 0x5646dadd9680 (13 bytes)
1702159373.326930 sending message 112 to peer 0x5646dadd9680 (12 bytes)
1702159373.326932 sending message 112 to peer 0x5646dadd9680 (10 bytes)
1702159373.326933 sending message 112 to peer 0x5646dadd9680 (12 bytes)
1702159373.326935 sending message 112 to peer 0x5646dadd9680 (12 bytes)
1702159373.326936 sending message 112 to peer 0x5646dadd9680 (12 bytes)
1702159373.326938 sending message 112 to peer 0x5646dadd9680 (13 bytes)
1702159373.326939 sending message 112 to peer 0x5646dadd9680 (13 bytes)
1702159373.326941 sending message 112 to peer 0x5646dadd9680 (13 bytes)
1702159373.326942 sending message 112 to peer 0x5646dadd9680 (13 bytes)
1702159373.326944 sending message 112 to peer 0x5646dadd9680 (13 bytes)
1702159373.326945 sending message 112 to peer 0x5646dadd9680 (13 bytes)
1702159373.326946 sending message 112 to peer 0x5646dadd9680 (13 bytes)
1702159373.326948 sending message 112 to peer 0x5646dadd9680 (10 bytes)
1702159373.326949 sending message 112 to peer 0x5646dadd9680 (13 bytes)
1702159373.326951 sending message 112 to peer 0x5646dadd9680 (12 bytes)
1702159373.326952 sending message 112 to peer 0x5646dadd9680 (12 bytes)
1702159373.326954 sending message 112 to peer 0x5646dadd9680 (12 bytes)
1702159373.326955 sending message 112 to peer 0x5646dadd9680 (10 bytes)
1702159373.326957 sending message 112 to peer 0x5646dadd9680 (10 bytes)
1702159373.326958 sending message 112 to peer 0x5646dadd9680 (10 bytes)
1702159373.326960 sending message 112 to peer 0x5646dadd9680 (12 bytes)
1702159373.326961 sending message 112 to peer 0x5646dadd9680 (13 bytes)
1702159373.326963 sending message 112 to peer 0x5646dadd9680 (13 bytes)
1702159373.326964 sending message 112 to peer 0x5646dadd9680 (13 bytes)
1702159373.326966 sending message 112 to peer 0x5646dadd9680 (13 bytes)
1702159373.326967 sending message 112 to peer 0x5646dadd9680 (13 bytes)
1702159373.326968 sending message 112 to peer 0x5646dadd9680 (10 bytes)
1702159373.326970 sending message 112 to peer 0x5646dadd9680 (11 bytes)
1702159373.326971 sending message 112 to peer 0x5646dadd9680 (12 bytes)
1702159373.326973 sending message 112 to peer 0x5646dadd9680 (12 bytes)
1702159373.326974 sending message 112 to peer 0x5646dadd9680 (12 bytes)
1702159373.326976 sending message 112 to peer 0x5646dadd9680 (12 bytes)
1702159373.326977 sending message 112 to peer 0x5646dadd9680 (12 bytes)
1702159373.326979 sending message 112 to peer 0x5646dadd9680 (11 bytes)
1702159373.326980 sending message 112 to peer 0x5646dadd9680 (12 bytes)
1702159373.326982 sending message 112 to peer 0x5646dadd9680 (12 bytes)
1702159373.326983 sending message 112 to peer 0x5646dadd9680 (13 bytes)
1702159373.326985 sending message 112 to peer 0x5646dadd9680 (13 bytes)
1702159373.326986 sending message 112 to peer 0x5646dadd9680 (13 bytes)
1702159373.326987 sending message 112 to peer 0x5646dadd9680 (13 bytes)
1702159373.326989 sending message 112 to peer 0x5646dadd9680 (13 bytes)
1702159373.326990 sending message 112 to peer 0x5646dadd9680 (10 bytes)
1702159373.326992 sending message 112 to peer 0x5646dadd9680 (9 bytes)
1702159373.326993 sending message 112 to peer 0x5646dadd9680 (12 bytes)
1702159373.326995 sending message 112 to peer 0x5646dadd9680 (13 bytes)
1702159373.326996 sending message 112 to peer 0x5646dadd9680 (13 bytes)
1702159373.326998 sending message 112 to peer 0x5646dadd9680 (13 bytes)
1702159373.326999 sending message 112 to peer 0x5646dadd9680 (13 bytes)
1702159373.327001 sending message 112 to peer 0x5646dadd9680 (13 bytes)
1702159373.327002 sending message 112 to peer 0x5646dadd9680 (9 bytes)
1702159373.327005 sending message 112 to peer 0x5646dadd9680 (12 bytes)
1702159373.327006 sending message 112 to peer 0x5646dadd9680 (13 bytes)
1702159373.327008 sending message 112 to peer 0x5646dadd9680 (13 bytes)
1702159373.327009 sending message 112 to peer 0x5646dadd9680 (13 bytes)
1702159373.327011 sending message 112 to peer 0x5646dadd9680 (13 bytes)
1702159373.327012 sending message 112 to peer 0x5646dadd9680 (13 bytes)
1702159373.327014 sending message 112 to peer 0x5646dadd9680 (11 bytes)
1702159373.327015 sending message 112 to peer 0x5646dadd9680 (12 bytes)
1702159373.327016 sending message 112 to peer 0x5646dadd9680 (13 bytes)
1702159373.327018 sending message 112 to peer 0x5646dadd9680 (13 bytes)
1702159373.327019 sending message 112 to peer 0x5646dadd9680 (13 bytes)
1702159373.327021 sending message 112 to peer 0x5646dadd9680 (13 bytes)
1702159373.327022 sending message 112 to peer 0x5646dadd9680 (13 bytes)
1702159373.327024 sending message 112 to peer 0x5646dadd9680 (11 bytes)
1702159373.327025 sending message 112 to peer 0x5646dadd9680 (12 bytes)
1702159373.327027 sending message 112 to peer 0x5646dadd9680 (12 bytes)
1702159373.327028 sending message 112 to peer 0x5646dadd9680 (12 bytes)
1702159373.327030 sending message 112 to peer 0x5646dadd9680 (12 bytes)
1702159373.327031 sending message 112 to peer 0x5646dadd9680 (12 bytes)
1702159373.327032 sending message 112 to peer 0x5646dadd9680 (21 bytes)
1702159373.327034 sending message 112 to peer 0x5646dadd9680 (12 bytes)
1702159373.327035 sending message 112 to peer 0x5646dadd9680 (9 bytes)
1702159373.327037 sending message 112 to peer 0x5646dadd9680 (6 bytes)
1702159373.327038 sending message 112 to peer 0x5646dadd9680 (13 bytes)
1702159373.327040 sending message 112 to peer 0x5646dadd9680 (10 bytes)
1702159373.327041 sending message 112 to peer 0x5646dadd9680 (24 bytes)
1702159373.327043 sending message 112 to peer 0x5646dadd9680 (13 bytes)
1702159373.327044 sending message 112 to peer 0x5646dadd9680 (9 bytes)
1702159373.327046 sending message 112 to peer 0x5646dadd9680 (70 bytes)
1702159373.327047 sending message 112 to peer 0x5646dadd9680 (69 bytes)
1702159373.327049 sending message 112 to peer 0x5646dadd9680 (12 bytes)
1702159373.327050 sending message 112 to peer 0x5646dadd9680 (10 bytes)
1702159373.327052 sending message 112 to peer 0x5646dadd9680 (10 bytes)
1702159373.327053 sending message 112 to peer 0x5646dadd9680 (24 bytes)
1702159373.327054 sending message 112 to peer 0x5646dadd9680 (13 bytes)
1702159373.327056 sending message 112 to peer 0x5646dadd9680 (10 bytes)
1702159373.327057 sending message 112 to peer 0x5646dadd9680 (10 bytes)
1702159373.327059 sending message 112 to peer 0x5646dadd9680 (10 bytes)
1702159373.327060 sending message 112 to peer 0x5646dadd9680 (13 bytes)
1702159373.327062 sending message 112 to peer 0x5646dadd9680 (15 bytes)
1702159373.327063 sending message 112 to peer 0x5646dadd9680 (5 bytes)
1702159373.327065 sending message 104 to peer 0x5646dadd9680 (0 bytes)
1702159373.327067 sending message 110 to peer 0x5646dadd9680 (0 bytes)
1702159373.327069 sending message 107 to peer 0x5646dadd9680 (4 bytes)
1702159373.327070 sending message 105 to peer 0x5646dadd9680 (64 bytes)
1702159373.327072 sending message 105 to peer 0x5646dadd9680 (117 bytes)
1702159373.327073 sending message 105 to peer 0x5646dadd9680 (25 bytes)
1702159373.327075 sending message 105 to peer 0x5646dadd9680 (12 bytes)
1702159373.327076 sending message 105 to peer 0x5646dadd9680 (11 bytes)
1702159373.327078 sending message 105 to peer 0x5646dadd9680 (20 bytes)
1702159373.327079 sending message 105 to peer 0x5646dadd9680 (16 bytes)
1702159373.327081 sending message 105 to peer 0x5646dadd9680 (190 bytes)
1702159373.327082 sending message 105 to peer 0x5646dadd9680 (13 bytes)
1702159373.327084 sending message 105 to peer 0x5646dadd9680 (19 bytes)
1702159373.327085 sending message 105 to peer 0x5646dadd9680 (21 bytes)
1702159373.327087 sending message 105 to peer 0x5646dadd9680 (22 bytes)
1702159373.327088 sending message 105 to peer 0x5646dadd9680 (9 bytes)
1702159373.327091 sending message 105 to peer 0x5646dadd9680 (24 bytes)
1702159373.327092 sending message 105 to peer 0x5646dadd9680 (17 bytes)
1702159373.327094 sending message 105 to peer 0x5646dadd9680 (18 bytes)
1702159373.327095 sending message 105 to peer 0x5646dadd9680 (217 bytes)
1702159373.327097 sending message 105 to peer 0x5646dadd9680 (21 bytes)
1702159373.327098 sending message 105 to peer 0x5646dadd9680 (22 bytes)
1702159373.327100 sending message 105 to peer 0x5646dadd9680 (20 bytes)
1702159373.327101 sending message 105 to peer 0x5646dadd9680 (117 bytes)
1702159373.327102 sending message 105 to peer 0x5646dadd9680 (40 bytes)
1702159373.327104 sending message 105 to peer 0x5646dadd9680 (32 bytes)
1702159373.327106 sending message 105 to peer 0x5646dadd9680 (15 bytes)
1702159373.327107 sending message 105 to peer 0x5646dadd9680 (8 bytes)
1702159373.327109 sending message 105 to peer 0x5646dadd9680 (20 bytes)
1702159373.327110 sending message 105 to peer 0x5646dadd9680 (18 bytes)
1702159373.327111 sending message 105 to peer 0x5646dadd9680 (26 bytes)
1702159373.327113 sending message 105 to peer 0x5646dadd9680 (35 bytes)
1702159373.327114 sending message 105 to peer 0x5646dadd9680 (13 bytes)
1702159373.327116 sending message 105 to peer 0x5646dadd9680 (62 bytes)
1702159373.327117 sending message 105 to peer 0x5646dadd9680 (14 bytes)
1702159373.327119 sending message 105 to peer 0x5646dadd9680 (26 bytes)
1702159373.327120 sending message 105 to peer 0x5646dadd9680 (24 bytes)
1702159373.327122 sending message 105 to peer 0x5646dadd9680 (33 bytes)
1702159373.327123 sending message 105 to peer 0x5646dadd9680 (23 bytes)
1702159373.327125 sending message 105 to peer 0x5646dadd9680 (35 bytes)
1702159373.327126 sending message 105 to peer 0x5646dadd9680 (53 bytes)
1702159373.327128 sending message 105 to peer 0x5646dadd9680 (48 bytes)
1702159373.327129 sending message 105 to peer 0x5646dadd9680 (37 bytes)
1702159373.327130 sending message 105 to peer 0x5646dadd9680 (25 bytes)
1702159373.327132 sending message 105 to peer 0x5646dadd9680 (39 bytes)
1702159373.327133 sending message 105 to peer 0x5646dadd9680 (42 bytes)
1702159373.327135 sending message 105 to peer 0x5646dadd9680 (42 bytes)
1702159373.327136 sending message 105 to peer 0x5646dadd9680 (38 bytes)
1702159373.327138 sending message 105 to peer 0x5646dadd9680 (16 bytes)
1702159373.327139 sending message 105 to peer 0x5646dadd9680 (17 bytes)
1702159373.327141 sending message 105 to peer 0x5646dadd9680 (17 bytes)
1702159373.327142 sending message 105 to peer 0x5646dadd9680 (19 bytes)
1702159373.327144 sending message 106 to peer 0x5646dadd9680 (0 bytes)
1702159373.327181 sending message 200 to peer 0x5646dadd9680 (4 bytes)
1702159373.327185 client loop enter
1702159373.327364 peer 0x5646dadd9680 message 303
1702159373.327369 open write file 2 -
1702159373.327377 sending message 305 to peer 0x5646dadd9680 (8 bytes)
1702159373.327382 write check file 2
1702159373.327489 peer 0x5646dadd9680 message 304
1702159373.327494 write 58 to file 2
1702159373.327498 peer 0x5646dadd9680 message 203
1702159373.327500 file 2 58 bytes left
1702159373.327518 write check file 2
1702159373.327521 client loop exit
